<?xml version="1.0" encoding="UTF-8"?>
<!-- Generated by org.testng.reporters.JUnitXMLReporter -->
<testsuite ignored="4" hostname="kaverishravani" failures="1" tests="2" name="VerificationTest" time="13.277" errors="0" timestamp="2025-04-17T10:49:54 EDT">
  <testcase classname="TestCases.TC006_VerifyAppTitle" name="checkAppTitle" time="0.157">
    <failure type="java.lang.AssertionError" message="expected [true] but found [false]">
      <![CDATA[java.lang.AssertionError: expected [true] but found [false]
at TestCases.TC006_VerifyAppTitle.checkAppTitle(TC006_VerifyAppTitle.java:35)
at java.base/java.util.ArrayList.forEach(ArrayList.java:1604)
... Removed 29 stack frames]]>
    </failure>
  </testcase> <!-- checkAppTitle -->
  <testcase classname="TestCases.TC003_verifyUserIsAbleToAddItemToCart" name="verifyAdditionOfItemsSuccess" time="1.187"/>
  <testcase classname="TestCases.TC001_LoginToAccount" name="loginToAccountAssertion" time="0.0">
    <ignored/>
  </testcase> <!-- loginToAccountAssertion -->
  <testcase classname="TestCases.TC004_VerifyCompletePurchaseSuccess" name="purchaseCompleteSucess" time="0.0">
    <ignored/>
  </testcase> <!-- purchaseCompleteSucess -->
  <testcase classname="TestCases.TC005_RemoveItem" name="removeItem" time="0.0">
    <ignored/>
  </testcase> <!-- removeItem -->
  <testcase classname="TestCases.TC002_LogoutOfAccount" name="logOutOfAccount" time="0.0">
    <ignored/>
  </testcase> <!-- logOutOfAccount -->
</testsuite> <!-- VerificationTest -->
