<?xml version="1.0" encoding="UTF-8"?>
<testng-results ignored="0" total="6" passed="5" failed="1" skipped="0">
  <reporter-output>
  </reporter-output>
  <suite started-at="2025-04-17T11:14:43 EDT" name="Suite" finished-at="2025-04-17T11:15:24 EDT" duration-ms="40605">
    <groups>
      <group name="Sanity">
        <method signature="TC001_LoginToAccount.loginToAccountAssertion()[pri:0, instance:TestCases.TC001_LoginToAccount@5c5eefef]" name="loginToAccountAssertion" class="TestCases.TC001_LoginToAccount"/>
        <method signature="TC002_LogoutOfAccount.logOutOfAccount()[pri:0, instance:TestCases.TC002_LogoutOfAccount@222545dc]" name="logOutOfAccount" class="TestCases.TC002_LogoutOfAccount"/>
        <method signature="TC004_VerifyCompletePurchaseSuccess.purchaseCompleteSucess()[pri:0, instance:TestCases.TC004_VerifyCompletePurchaseSuccess@6ae5aa72]" name="purchaseCompleteSucess" class="TestCases.TC004_VerifyCompletePurchaseSuccess"/>
      </group> <!-- Sanity -->
      <group name="Functionality">
        <method signature="TC004_VerifyCompletePurchaseSuccess.purchaseCompleteSucess()[pri:0, instance:TestCases.TC004_VerifyCompletePurchaseSuccess@6ae5aa72]" name="purchaseCompleteSucess" class="TestCases.TC004_VerifyCompletePurchaseSuccess"/>
        <method signature="TC005_RemoveItem.removeItem()[pri:0, instance:TestCases.TC005_RemoveItem@5158b42f]" name="removeItem" class="TestCases.TC005_RemoveItem"/>
      </group> <!-- Functionality -->
      <group name="Verification">
        <method signature="TC003_verifyUserIsAbleToAddItemToCart.verifyAdditionOfItemsSuccess()[pri:0, instance:TestCases.TC003_verifyUserIsAbleToAddItemToCart@16293aa2]" name="verifyAdditionOfItemsSuccess" class="TestCases.TC003_verifyUserIsAbleToAddItemToCart"/>
        <method signature="TC006_VerifyAppTitle.checkAppTitle()[pri:0, instance:TestCases.TC006_VerifyAppTitle@52bf72b5]" name="checkAppTitle" class="TestCases.TC006_VerifyAppTitle"/>
      </group> <!-- Verification -->
    </groups>
    <test started-at="2025-04-17T11:14:43 EDT" name="Test" finished-at="2025-04-17T11:15:24 EDT" duration-ms="40605">
      <class name="TestCases.TC006_VerifyAppTitle">
        <test-method is-config="true" signature="setUp()[pri:0, instance:TestCases.TC006_VerifyAppTitle@52bf72b5]" started-at="2025-04-17T11:14:43 EDT" name="setUp" finished-at="2025-04-17T11:14:49 EDT" duration-ms="5389" status="PASS">
          <reporter-output>
          </reporter-output>
        </test-method> <!-- setUp -->
        <test-method signature="checkAppTitle()[pri:0, instance:TestCases.TC006_VerifyAppTitle@52bf72b5]" started-at="2025-04-17T11:14:49 EDT" name="checkAppTitle" finished-at="2025-04-17T11:14:49 EDT" duration-ms="163" status="FAIL">
          <exception class="java.lang.AssertionError">
            <message>
              <![CDATA[expected [true] but found [false]]]>
            </message>
            <full-stacktrace>
              <![CDATA[java.lang.AssertionError: expected [true] but found [false]
at org.testng.Assert.fail(Assert.java:111)
at org.testng.Assert.failNotEquals(Assert.java:1590)
at org.testng.Assert.assertTrue(Assert.java:57)
at org.testng.Assert.assertTrue(Assert.java:67)
at TestCases.TC006_VerifyAppTitle.checkAppTitle(TC006_VerifyAppTitle.java:35)
at java.base/jdk.internal.reflect.DirectMethodHandleAccessor.invoke(DirectMethodHandleAccessor.java:104)
at java.base/java.lang.reflect.Method.invoke(Method.java:565)
at org.testng.internal.invokers.MethodInvocationHelper.invokeMethod(MethodInvocationHelper.java:141)
at org.testng.internal.invokers.TestInvoker.invokeMethod(TestInvoker.java:687)
at org.testng.internal.invokers.TestInvoker.invokeTestMethod(TestInvoker.java:230)
at org.testng.internal.invokers.MethodRunner.runInSequence(MethodRunner.java:63)
at org.testng.internal.invokers.TestInvoker$MethodInvocationAgent.invoke(TestInvoker.java:995)
at org.testng.internal.invokers.TestInvoker.invokeTestMethods(TestInvoker.java:203)
at org.testng.internal.invokers.TestMethodWorker.invokeTestMethods(TestMethodWorker.java:154)
at org.testng.internal.invokers.TestMethodWorker.run(TestMethodWorker.java:134)
at java.base/java.util.ArrayList.forEach(ArrayList.java:1604)
at org.testng.TestRunner.privateRun(TestRunner.java:741)
at org.testng.TestRunner.run(TestRunner.java:616)
at org.testng.SuiteRunner.runTest(SuiteRunner.java:421)
at org.testng.SuiteRunner.runSequentially(SuiteRunner.java:413)
at org.testng.SuiteRunner.privateRun(SuiteRunner.java:373)
at org.testng.SuiteRunner.run(SuiteRunner.java:312)
at org.testng.SuiteRunnerWorker.runSuite(SuiteRunnerWorker.java:52)
at org.testng.SuiteRunnerWorker.run(SuiteRunnerWorker.java:95)
at org.testng.TestNG.runSuitesSequentially(TestNG.java:1274)
at org.testng.TestNG.runSuitesLocally(TestNG.java:1208)
at org.testng.TestNG.runSuites(TestNG.java:1112)
at org.testng.TestNG.run(TestNG.java:1079)
at org.testng.remote.AbstractRemoteTestNG.run(AbstractRemoteTestNG.java:115)
at org.testng.remote.RemoteTestNG.initAndRun(RemoteTestNG.java:293)
at org.testng.remote.RemoteTestNG.main(RemoteTestNG.java:91)
]]>
            </full-stacktrace>
          </exception> <!-- java.lang.AssertionError -->
          <reporter-output>
          </reporter-output>
        </test-method> <!-- checkAppTitle -->
        <test-method is-config="true" signature="tearDown()[pri:0, instance:TestCases.TC006_VerifyAppTitle@52bf72b5]" started-at="2025-04-17T11:14:49 EDT" name="tearDown" finished-at="2025-04-17T11:14:50 EDT" duration-ms="1419" status="PASS">
          <reporter-output>
          </reporter-output>
        </test-method> <!-- tearDown -->
      </class> <!-- TestCases.TC006_VerifyAppTitle -->
      <class name="TestCases.TC005_RemoveItem">
        <test-method is-config="true" signature="setUp()[pri:0, instance:TestCases.TC005_RemoveItem@5158b42f]" started-at="2025-04-17T11:15:16 EDT" name="setUp" finished-at="2025-04-17T11:15:20 EDT" duration-ms="3878" status="PASS">
          <reporter-output>
          </reporter-output>
        </test-method> <!-- setUp -->
        <test-method signature="removeItem()[pri:0, instance:TestCases.TC005_RemoveItem@5158b42f]" started-at="2025-04-17T11:15:20 EDT" name="removeItem" finished-at="2025-04-17T11:15:22 EDT" duration-ms="2258" status="PASS">
          <reporter-output>
          </reporter-output>
        </test-method> <!-- removeItem -->
        <test-method is-config="true" signature="tearDown()[pri:0, instance:TestCases.TC005_RemoveItem@5158b42f]" started-at="2025-04-17T11:15:22 EDT" name="tearDown" finished-at="2025-04-17T11:15:24 EDT" duration-ms="1440" status="PASS">
          <reporter-output>
          </reporter-output>
        </test-method> <!-- tearDown -->
      </class> <!-- TestCases.TC005_RemoveItem -->
      <class name="TestCases.TC003_verifyUserIsAbleToAddItemToCart">
        <test-method is-config="true" signature="setUp()[pri:0, instance:TestCases.TC003_verifyUserIsAbleToAddItemToCart@16293aa2]" started-at="2025-04-17T11:15:10 EDT" name="setUp" finished-at="2025-04-17T11:15:13 EDT" duration-ms="3761" status="PASS">
          <reporter-output>
          </reporter-output>
        </test-method> <!-- setUp -->
        <test-method signature="verifyAdditionOfItemsSuccess()[pri:0, instance:TestCases.TC003_verifyUserIsAbleToAddItemToCart@16293aa2]" started-at="2025-04-17T11:15:13 EDT" name="verifyAdditionOfItemsSuccess" finished-at="2025-04-17T11:15:15 EDT" duration-ms="1360" status="PASS">
          <reporter-output>
          </reporter-output>
        </test-method> <!-- verifyAdditionOfItemsSuccess -->
        <test-method is-config="true" signature="tearDown()[pri:0, instance:TestCases.TC003_verifyUserIsAbleToAddItemToCart@16293aa2]" started-at="2025-04-17T11:15:15 EDT" name="tearDown" finished-at="2025-04-17T11:15:16 EDT" duration-ms="1424" status="PASS">
          <reporter-output>
          </reporter-output>
        </test-method> <!-- tearDown -->
      </class> <!-- TestCases.TC003_verifyUserIsAbleToAddItemToCart -->
      <class name="TestCases.TC004_VerifyCompletePurchaseSuccess">
        <test-method is-config="true" signature="setUp()[pri:0, instance:TestCases.TC004_VerifyCompletePurchaseSuccess@6ae5aa72]" started-at="2025-04-17T11:14:50 EDT" name="setUp" finished-at="2025-04-17T11:14:54 EDT" duration-ms="3789" status="PASS">
          <reporter-output>
          </reporter-output>
        </test-method> <!-- setUp -->
        <test-method signature="purchaseCompleteSucess()[pri:0, instance:TestCases.TC004_VerifyCompletePurchaseSuccess@6ae5aa72]" started-at="2025-04-17T11:14:54 EDT" name="purchaseCompleteSucess" finished-at="2025-04-17T11:14:56 EDT" duration-ms="1870" status="PASS">
          <reporter-output>
          </reporter-output>
        </test-method> <!-- purchaseCompleteSucess -->
        <test-method is-config="true" signature="tearDown()[pri:0, instance:TestCases.TC004_VerifyCompletePurchaseSuccess@6ae5aa72]" started-at="2025-04-17T11:14:56 EDT" name="tearDown" finished-at="2025-04-17T11:14:57 EDT" duration-ms="1371" status="PASS">
          <reporter-output>
          </reporter-output>
        </test-method> <!-- tearDown -->
      </class> <!-- TestCases.TC004_VerifyCompletePurchaseSuccess -->
      <class name="TestCases.TC001_LoginToAccount">
        <test-method is-config="true" signature="setUp()[pri:0, instance:TestCases.TC001_LoginToAccount@5c5eefef]" started-at="2025-04-17T11:15:04 EDT" name="setUp" finished-at="2025-04-17T11:15:08 EDT" duration-ms="3833" status="PASS">
          <reporter-output>
          </reporter-output>
        </test-method> <!-- setUp -->
        <test-method signature="loginToAccountAssertion()[pri:0, instance:TestCases.TC001_LoginToAccount@5c5eefef]" started-at="2025-04-17T11:15:08 EDT" name="loginToAccountAssertion" finished-at="2025-04-17T11:15:08 EDT" duration-ms="658" status="PASS">
          <reporter-output>
          </reporter-output>
        </test-method> <!-- loginToAccountAssertion -->
        <test-method is-config="true" signature="tearDown()[pri:0, instance:TestCases.TC001_LoginToAccount@5c5eefef]" started-at="2025-04-17T11:15:08 EDT" name="tearDown" finished-at="2025-04-17T11:15:10 EDT" duration-ms="1401" status="PASS">
          <reporter-output>
          </reporter-output>
        </test-method> <!-- tearDown -->
      </class> <!-- TestCases.TC001_LoginToAccount -->
      <class name="TestCases.TC002_LogoutOfAccount">
        <test-method is-config="true" signature="setUp()[pri:0, instance:TestCases.TC002_LogoutOfAccount@222545dc]" started-at="2025-04-17T11:14:57 EDT" name="setUp" finished-at="2025-04-17T11:15:01 EDT" duration-ms="3924" status="PASS">
          <reporter-output>
          </reporter-output>
        </test-method> <!-- setUp -->
        <test-method signature="logOutOfAccount()[pri:0, instance:TestCases.TC002_LogoutOfAccount@222545dc]" started-at="2025-04-17T11:15:01 EDT" name="logOutOfAccount" finished-at="2025-04-17T11:15:02 EDT" duration-ms="1145" status="PASS">
          <reporter-output>
          </reporter-output>
        </test-method> <!-- logOutOfAccount -->
        <test-method is-config="true" signature="tearDown()[pri:0, instance:TestCases.TC002_LogoutOfAccount@222545dc]" started-at="2025-04-17T11:15:02 EDT" name="tearDown" finished-at="2025-04-17T11:15:04 EDT" duration-ms="1419" status="PASS">
          <reporter-output>
          </reporter-output>
        </test-method> <!-- tearDown -->
      </class> <!-- TestCases.TC002_LogoutOfAccount -->
    </test> <!-- Test -->
  </suite> <!-- Suite -->
</testng-results>
